[22-Mar-2020 15:30:09 UTC] PHP Fatal error:  Uncaught Error: Call to undefined method Rocket_Books::version() in /Users/matt/Sites/wp_gutenberg_VC_check/wp-content/plugins/rocket-books/includes/class-rocket-books.php:239
Stack trace:
#0 /Users/matt/Sites/wp_gutenberg_VC_check/wp-content/plugins/rocket-books/includes/class-rocket-books.php(87): Rocket_Books->define_post_type_hooks()
#1 /Users/matt/Sites/wp_gutenberg_VC_check/wp-content/plugins/rocket-books/rocket-books.php(90): Rocket_Books->__construct()
#2 /Users/matt/Sites/wp_gutenberg_VC_check/wp-content/plugins/rocket-books/rocket-books.php(93): run_rocket_books()
#3 /Users/matt/Sites/wp_gutenberg_VC_check/wp-settings.php(360): include_once('/Users/matt/Sit...')
#4 /Users/matt/Sites/wp_gutenberg_VC_check/wp-config.php(99): require_once('/Users/matt/Sit...')
#5 /Users/matt/Sites/wp_gutenberg_VC_check/wp-load.php(37): require_once('/Users/matt/Sit...')
#6 /Users/matt/Sites/wp_gutenberg_VC_check/wp-admin/admin.php(34): require_once('/Users/matt/Sit...')
#7 /Users/matt/Sites/wp_gutenberg_VC_check/wp-adm in /Users/matt/Sites/wp_gutenberg_VC_check/wp-content/plugins/rocket-books/includes/class-rocket-books.php on line 239
[22-Mar-2020 15:33:34 UTC] PHP Warning:  call_user_func_array() expects parameter 1 to be a valid callback, class 'Rocket_Books_Post_Types' does not have a method 'init' in /Users/matt/Sites/wp_gutenberg_VC_check/wp-includes/class-wp-hook.php on line 288
[22-Mar-2020 15:33:34 UTC] PHP Warning:  call_user_func_array() expects parameter 1 to be a valid callback, class 'Rocket_Books_Post_Types' does not have a method 'init' in /Users/matt/Sites/wp_gutenberg_VC_check/wp-includes/class-wp-hook.php on line 288
[22-Mar-2020 15:33:34 UTC] PHP Warning:  call_user_func_array() expects parameter 1 to be a valid callback, class 'Rocket_Books_Post_Types' does not have a method 'init' in /Users/matt/Sites/wp_gutenberg_VC_check/wp-includes/class-wp-hook.php on line 288
[22-Mar-2020 15:34:37 UTC] PHP Warning:  call_user_func_array() expects parameter 1 to be a valid callback, class 'Rocket_Books_Post_Types' does not have a method 'init' in /Users/matt/Sites/wp_gutenberg_VC_check/wp-includes/class-wp-hook.php on line 288
[22-Mar-2020 15:48:32 UTC] PHP Parse error:  syntax error, unexpected ';' in /Users/matt/Sites/wp_gutenberg_VC_check/wp-content/plugins/rocket-books/includes/class-rocket-books-post-types.php on line 122
[22-Mar-2020 15:48:36 UTC] PHP Parse error:  syntax error, unexpected ';' in /Users/matt/Sites/wp_gutenberg_VC_check/wp-content/plugins/rocket-books/includes/class-rocket-books-post-types.php on line 122
[22-Mar-2020 15:49:41 UTC] PHP Parse error:  syntax error, unexpected ';' in /Users/matt/Sites/wp_gutenberg_VC_check/wp-content/plugins/rocket-books/includes/class-rocket-books-post-types.php on line 122
[22-Mar-2020 15:49:45 UTC] PHP Parse error:  syntax error, unexpected ';' in /Users/matt/Sites/wp_gutenberg_VC_check/wp-content/plugins/rocket-books/includes/class-rocket-books-post-types.php on line 122
[22-Mar-2020 15:49:46 UTC] PHP Parse error:  syntax error, unexpected ';' in /Users/matt/Sites/wp_gutenberg_VC_check/wp-content/plugins/rocket-books/includes/class-rocket-books-post-types.php on line 122
[22-Mar-2020 15:50:04 UTC] PHP Parse error:  syntax error, unexpected '}' in /Users/matt/Sites/wp_gutenberg_VC_check/wp-content/plugins/rocket-books/includes/class-rocket-books-post-types.php on line 174
[22-Mar-2020 17:11:54 UTC] PHP Parse error:  syntax error, unexpected '}', expecting ';' in /Users/matt/Sites/wp_gutenberg_VC_check/wp-content/plugins/rocket-books/includes/class-rocket-books-post-types.php on line 181
[22-Mar-2020 17:13:31 UTC] PHP Notice:  Undefined variable: the_content in /Users/matt/Sites/wp_gutenberg_VC_check/wp-content/plugins/rocket-books/includes/class-rocket-books-post-types.php on line 183
[22-Mar-2020 17:13:31 UTC] PHP Notice:  Undefined variable: the_content in /Users/matt/Sites/wp_gutenberg_VC_check/wp-content/plugins/rocket-books/includes/class-rocket-books-post-types.php on line 183
[22-Mar-2020 17:13:31 UTC] PHP Notice:  Undefined variable: the_content in /Users/matt/Sites/wp_gutenberg_VC_check/wp-content/plugins/rocket-books/includes/class-rocket-books-post-types.php on line 183
[22-Mar-2020 17:13:31 UTC] PHP Notice:  Undefined variable: the_content in /Users/matt/Sites/wp_gutenberg_VC_check/wp-content/plugins/rocket-books/includes/class-rocket-books-post-types.php on line 183
[22-Mar-2020 17:13:31 UTC] PHP Notice:  Undefined variable: the_content in /Users/matt/Sites/wp_gutenberg_VC_check/wp-content/plugins/rocket-books/includes/class-rocket-books-post-types.php on line 183
[22-Mar-2020 17:14:02 UTC] PHP Notice:  Undefined variable: the_content in /Users/matt/Sites/wp_gutenberg_VC_check/wp-content/plugins/rocket-books/includes/class-rocket-books-post-types.php on line 183
[22-Mar-2020 17:14:09 UTC] PHP Notice:  Undefined variable: the_content in /Users/matt/Sites/wp_gutenberg_VC_check/wp-content/plugins/rocket-books/includes/class-rocket-books-post-types.php on line 183
[22-Mar-2020 17:26:59 UTC] PHP Notice:  Undefined variable: the_content in /Users/matt/Sites/wp_gutenberg_VC_check/wp-content/plugins/rocket-books/includes/class-rocket-books-post-types.php on line 196
[22-Mar-2020 17:31:06 UTC] PHP Parse error:  syntax error, unexpected 'if' (T_IF), expecting ',' or ';' in /Users/matt/Sites/wp_gutenberg_VC_check/wp-content/plugins/rocket-books/includes/class-rocket-books-post-types.php on line 182
[22-Mar-2020 17:37:11 UTC] PHP Parse error:  syntax error, unexpected end of file in /Users/matt/Sites/wp_gutenberg_VC_check/wp-content/plugins/rocket-books/includes/class-rocket-books-post-types.php on line 193
[22-Mar-2020 17:37:22 UTC] PHP Parse error:  syntax error, unexpected end of file, expecting function (T_FUNCTION) or const (T_CONST) in /Users/matt/Sites/wp_gutenberg_VC_check/wp-content/plugins/rocket-books/includes/class-rocket-books-post-types.php on line 195
